0: [0.0, 0.0, 0.0, 0.0], [2, 128MB, 4GB, 4MB]
1: [0.5, 0.9581393536837052, 0.35781726995786667, 1.0], [5, 23GB, 13GB, 1GB]
2: [0.7127020269829002, 0.0014293404528871179, 0.5030831653078097, 3.712534819257523e-21], [6, 162MB, 17GB, 4MB]
3: [0.8826411906361166, 2.0008499794065687e-13, 0.07538124164297655, 2.0220070661488698e-29], [7, 128MB, 5GB, 4MB]
4: [0.6513781432265774, 1.2051987610492499e-17, 0.31683612216887125, 0.8691273895612258], [6, 128MB, 12GB, 890MB]
5: [7.581859051697393e-08, 0.14376682451456457, 0.7045813081895725, 4.417528835248923e-30], [2, 3GB, 22GB, 4MB]
6: [0.44214075540417663, 0.0598092227798519, 1.1790244091951773e-24, 6.53700107980272e-32], [5, 1GB, 4GB, 4MB]
7: [0.5946247799344488, 0.04332406269480349, 0.329668445620915, 3.608544680439751e-33], [6, 1GB, 12GB, 4MB]
8: [5.97717644268414e-08, 0.5659446430505314, 3.959774580705648e-21, 0.9121228864331543], [2, 13GB, 4GB, 934MB]
9: [0.9920814661883615, 0.7919641352916398, 2.646367758695019e-27, 0.47809379567067456], [8, 19GB, 4GB, 491MB]
10: [5.667513391927059e-08, 1.0235898500327023e-14, 9.448442274112115e-22, 1.1217267201173708e-28], [2, 128MB, 4GB, 4MB]
11: [0.12394270048696299, 6.9884025561577686e-15, 0.5873036334639846, 3.000216440705556e-26], [3, 128MB, 19GB, 4MB]
12: [1.7242175090359524e-05, 1.5088295413079322e-07, 0.4167535378026932, 0.006208516587129398], [2, 128MB, 14GB, 10MB]
13: [0.39876803755760193, 0.42003437876701355, 0.9181980753805731, 0.7059975650817732], [4, 10GB, 27GB, 724MB]
14: [0.5178102254867554, 0.8310069924335378, 0.4383098811224275, 0.0055604795925319195], [5, 19GB, 15GB, 9MB]
15: [0.5282242775850605, 0.4803591785100161, 0.9861739277839661, 0.8192020670641583], [5, 11GB, 29GB, 839MB]
16: [0.5071857571601868, 0.7671166283794725, 0.7968671837251966, 0.9658365319921276], [5, 18GB, 24GB, 989MB]
17: [0.5882301330566406, 0.2550397217273712, 0.11406569874266248, 0.32570741442534723], [6, 6GB, 6GB, 336MB]
18: [0.5958080887794495, 0.41835251450538635, 0.8790691615146757, 0.8039842247962952], [6, 10GB, 26GB, 824MB]
19: [0.5776673555374146, 0.4244730770587921, 0.7065281631717975, 0.9000878368097077], [5, 10GB, 22GB, 922MB]
20: [0.5991547806042924, 0.18689168989658356, 0.9950628876686096, 0.40998056530952454], [6, 4GB, 29GB, 422MB]
21: [0.07334254363261816, 0.30829882621765137, 0.48846495151519775, 0.8538985671256417], [2, 7GB, 16GB, 874MB]
22: [0.5880839228630066, 0.27114760875701904, 0.99993896484375, 0.17949786946939184], [6, 6GB, 29GB, 187MB]
23: [0.5726647973060608, 0.00934857450024451, 0.9772414309225871, 0.08477384339419014], [5, 356MB, 29GB, 90MB]
24: [0.6030534505844116, 0.14243537334181722, 0.994850218296051, 0.05119677260518074], [6, 3GB, 29GB, 56MB]
25: [0.6677869061450377, 0.1568181961774826, 0.999973714351654, 0.782477992600202], [6, 3GB, 29GB, 802MB]
26: [0.9144031132693238, 0.5683675815729324, 1.0, 0.9521954098154773], [7, 13GB, 30GB, 975MB]
27: [0.9935673628631737, 0.5451221661797199, 1.0, 0.9732647911186689], [8, 13GB, 30GB, 996MB]
28: [0.36607449772047085, 0.7096938490867615, 0.21563406298839582, 0.3656190873671856], [4, 17GB, 9GB, 376MB]
29: [0.7827355919753762, 0.6227765866031991, 1.0, 0.7120969869436473], [7, 14GB, 30GB, 730MB]
30: [0.4663071036338806, 0.6749316453933716, 0.999999463558197, 0.4755665730836416], [5, 16GB, 29GB, 489MB]
31: [0.5756455063819885, 0.12620532161439946, 0.9928388595581055, 0.1270293935724024], [5, 3GB, 29GB, 133MB]
32: [0.5659099817276001, 0.10310443885564724, 0.9455532358421244, 0.881232246338927], [5, 2GB, 28GB, 902MB]
33: [0.9304865334026656, 0.7166778860553562, 1.0, 0.9874704480171204], [8, 17GB, 30GB, 1011MB]
34: [0.6341233849525452, 0.16547085344791412, 0.9977892637252808, 0.5092724471639539], [6, 4GB, 29GB, 523MB]
35: [0.6303144424842815, 0.18021899461746216, 0.9999106526374817, 0.0050646718591451645], [6, 4GB, 29GB, 9MB]
36: [0.5369890928268433, 0.37342370735353736, 0.9999852776527405, 0.873276070344208], [5, 9GB, 29GB, 894MB]
37: [0.6576234698295593, 0.35782695934169106, 0.9999982714653015, 0.0041574896313250065], [6, 8GB, 29GB, 8MB]
38: [0.6162158250808716, 0.13537853956222534, 0.7556861489509374, 0.3764041595819979], [6, 3GB, 23GB, 387MB]
39: [0.5536286234855652, 0.3993878960609436, 0.9011395352502948, 0.4142426550388336], [5, 9GB, 27GB, 426MB]
40: [0.5670439600944519, 0.2682977616786957, 0.9920159578323364, 0.10646052201186085], [5, 6GB, 29GB, 112MB]
41: [0.5961107611656189, 0.1997825652360916, 0.0226804761247833, 0.3063372028662724], [6, 4GB, 4GB, 316MB]
42: [0.5632751101398661, 0.20413506031036377, 0.9920223951339722, 0.18326634939267783], [5, 4GB, 29GB, 190MB]
43: [0.6123674294689488, 0.20162717998027802, 0.686180075331102, 0.07783655822277069], [6, 4GB, 21GB, 83MB]
44: [0.8564774570595708, 0.6923451434159611, 0.9998811483383179, 0.6647433339043061], [7, 16GB, 29GB, 682MB]
45: [0.5997442007064819, 0.238898366689682, 0.9882896542549133, 0.4041692018508911], [6, 5GB, 29GB, 416MB]
46: [0.5238904356956482, 0.9514888651736451, 0.07616254819602797, 0.997871458530426], [5, 22GB, 5GB, 1021MB]
47: [0.6071548461914062, 0.22196932137012482, 0.838519811630249, 0.6746944785118103], [6, 5GB, 25GB, 692MB]
48: [0.5108501315116882, 0.4551057517528534, 0.7203472479309528, 0.2776149982333721], [5, 10GB, 22GB, 287MB]
49: [0.5450098514556885, 0.9015688962489394, 0.640912812426245, 0.9808306694030762], [5, 21GB, 20GB, 1004MB]
50: [0.6016401052474976, 0.6279650654611616, 0.972515344619751, 0.9011068344116211], [6, 15GB, 29GB, 923MB]
51: [0.43180084849092437, 0.5378860831260681, 0.6946215629577637, 0.6535186171531677], [5, 12GB, 22GB, 670MB]
52: [0.5737581253051758, 0.29927366971969604, 0.3939918113086468, 0.17590426942327275], [5, 7GB, 14GB, 183MB]
53: [0.6301995515823364, 0.19619041681289673, 0.8009302020072937, 0.17166729271411896], [6, 4GB, 24GB, 179MB]
54: [0.604921817779541, 0.8803435812772044, 0.8526022402545531, 0.9015995860099792], [6, 21GB, 26GB, 923MB]
55: [0.5371766731466012, 0.052266426256819654, 0.14517326910169237, 0.4703965485095978], [5, 1GB, 7GB, 483MB]
56: [0.5735952854156494, 0.5250495076179504, 0.8180252909660339, 0.07849536091089249], [5, 12GB, 25GB, 84MB]
57: [0.10857001055264426, 0.613191545009613, 0.4011143917380494, 0.5691385805274338], [3, 14GB, 14GB, 584MB]
58: [0.8853872441552366, 0.03180806303617245, 0.5196354442314025, 0.8953251242637634], [7, 905MB, 17GB, 917MB]
59: [0.2241514790025958, 0.661897599697113, 0.9737889095074972, 0.03397957235574722], [3, 15GB, 29GB, 38MB]
60: [0.6572239995002747, 0.3352077305316925, 0.9718161225318909, 0.9675914809669351], [6, 8GB, 29GB, 990MB]
61: [0.18467983199603233, 0.5145265460014343, 0.6796451807022095, 0.5373077988624573], [3, 12GB, 21GB, 552MB]
62: [0.645826518535614, 0.6728282126281492, 0.9260189533233643, 0.7824645507653967], [6, 16GB, 28GB, 802MB]
63: [0.5396639108657837, 0.5075550682423482, 0.7831670045852661, 0.0004292086814530194], [5, 12GB, 24GB, 4MB]
64: [0.5423922538757324, 0.10457854717969894, 0.7447641766130533, 0.0020759236067533493], [5, 2GB, 23GB, 6MB]
65: [0.4158156216144562, 0.10057655721902847, 0.16824787855148315, 0.06727010011672974], [4, 2GB, 8GB, 72MB]
66: [0.27058422795323367, 0.3865419626235962, 0.02324647083878517, 0.8840405940159821], [4, 9GB, 4GB, 905MB]
67: [0.5174241065979004, 0.17873977026255816, 0.9488199949264526, 0.03514673933386803], [5, 4GB, 28GB, 39MB]
68: [0.8460246882178747, 0.35689955949783325, 0.22599552633736475, 0.06384319067001343], [7, 8GB, 9GB, 69MB]
69: [0.724091483437877, 0.29381442070007324, 0.9927200078964233, 5.59299314772943e-06], [6, 7GB, 29GB, 4MB]
70: [0.3389969016787632, 0.45670127868652344, 0.01042304839938879, 0.2986406770764749], [4, 11GB, 4GB, 308MB]
71: [0.9058071953928739, 0.2612316407375056, 0.9386424555133467, 0.9107350428473103], [7, 6GB, 28GB, 932MB]
72: [0.6363224983215332, 0.9104065895080566, 0.954565783825497, 1.3795635140922968e-06], [6, 21GB, 28GB, 4MB]
73: [0.6921367511957678, 0.18660007417201996, 0.3699485159763737, 0.48305287517652307], [6, 4GB, 13GB, 496MB]
74: [0.5950007438659668, 0.01702583097601018, 0.140439966210832, 0.9966733455657959], [6, 544MB, 7GB, 1020MB]
75: [0.6132363677024841, 0.6948074153816085, 0.425209182802866, 2.359379550398444e-06], [6, 16GB, 15GB, 4MB]
76: [0.5864742398262024, 0.054605869154590536, 0.9913682341575623, 0.9535438418388367], [6, 1GB, 29GB, 976MB]
77: [0.6282743811607361, 0.13325315713882446, 0.9968864917755127, 0.9389873038064919], [6, 3GB, 29GB, 961MB]
78: [0.5811207890510559, 0.6979398042405625, 2.5472354536759667e-05, 0.532358186577165], [5, 16GB, 4GB, 547MB]
79: [0.6640850305557251, 0.18924374878406525, 0.9980095028877258, 0.995479166507721], [6, 4GB, 29GB, 1019MB]
80: [0.20321519554198297, 0.6035475134849548, 0.015604713000357151, 0.2038825899362564], [3, 14GB, 4GB, 211MB]
81: [0.6433241963386536, 0.10763636231422424, 0.9974538087844849, 0.027369779496864033], [6, 2GB, 29GB, 31MB]
82: [0.32749988957479015, 0.5080254673957825, 0.0010557686910033226, 0.015530038625001907], [4, 12GB, 4GB, 19MB]
83: [0.5860128402709961, 0.06782611459493637, 0.9942531585693359, 0.18063510244452918], [6, 1GB, 29GB, 188MB]
84: [0.4821618152044177, 0.3028984428297671, 0.8621217608451843, 0.9999058246612549], [5, 7GB, 26GB, 1023MB]
85: [0.06604089290965509, 0.601326048374176, 0.001071058795787394, 0.1891205608844757], [2, 14GB, 4GB, 196MB]
86: [0.6179482936859131, 0.172967791557312, 0.8261450587838567, 0.9999982714653015], [6, 4GB, 25GB, 1023MB]
87: [0.6192689538002014, 0.7413605341557461, 6.242815288715065e-05, 6.114277795177259e-08], [6, 17GB, 4GB, 4MB]
88: [0.6369403600692749, 0.11705786929477491, 0.999723494052887, 0.0387078369663274], [6, 2GB, 29GB, 43MB]
89: [0.6211495399475098, 0.006837913300842047, 0.9993417263031006, 1.0], [6, 295MB, 29GB, 1GB]
90: [0.623301088809967, 0.01402114424854517, 0.9967660903930664, 1.0], [6, 470MB, 29GB, 1GB]
91: [0.6182664632797241, 0.9352629086037977, 0.1883430784330069, 6.641065261191355e-15], [6, 22GB, 8GB, 4MB]
92: [0.9673422647363511, 0.25134146213531494, 1.0, 1.0], [8, 6GB, 30GB, 1GB]
93: [0.5984742641448975, 0.03559780865907669, 0.7131104267315977, 1.0], [6, 998MB, 22GB, 1GB]
94: [0.6015260219573975, 0.35931506248110234, 0.9995906352996826, 0.8810499283806688], [6, 8GB, 29GB, 902MB]
95: [0.6009079217910767, 0.005202436354011297, 1.0, 1.0], [6, 255MB, 30GB, 1GB]
96: [0.651256799697876, 0.9992871880531311, 0.0004864137154072523, 2.041007292064023e-06], [6, 23GB, 4GB, 4MB]
97: [0.8661156482926846, 0.9999995827674866, 7.695938961660431e-07, 8.541183038612843e-11], [7, 23GB, 4GB, 4MB]
98: [0.7738609642776244, 1.0, 0.8277965797457089, 3.618802683356189e-17], [7, 24GB, 25GB, 4MB]
99: [0.5988864898681641, 0.9999853372573853, 8.564188247461857e-10, 0.16815096721603073], [6, 23GB, 4GB, 175MB]
100: [0.6071152687072754, 0.9999977350234985, 3.856239771948822e-09, 9.018740615429621e-11], [6, 23GB, 4GB, 4MB]
101: [0.5858285427093506, 0.9999920129776001, 8.424701292142345e-08, 2.111880448296688e-09], [6, 23GB, 4GB, 4MB]
102: [0.1943681456814491, 0.02872195327971383, 0.2365458799233633, 1.0], [3, 830MB, 10GB, 1GB]
103: [0.6099668145179749, 0.8322977467112267, 2.1499466651420107e-09, 6.063777409880122e-13], [6, 19GB, 4GB, 4MB]
104: [0.5878875255584717, 0.9999977946281433, 1.0709553903420765e-13, 2.843315962178499e-16], [6, 23GB, 4GB, 4MB]
105: [0.5920026898384094, 0.9999980926513672, 0.9883497629555019, 0.3439810863259909], [6, 23GB, 29GB, 354MB]
106: [0.5944659113883972, 0.9999995827674866, 3.3844524405246545e-12, 8.189667090703761e-18], [6, 23GB, 4GB, 4MB]
107: [0.5793416500091553, 0.999998152256012, 0.7102706906143289, 1.6910177956259292e-13], [5, 23GB, 22GB, 4MB]
108: [0.019856621939199237, 0.8462953567504883, 4.157258304965383e-12, 4.1248018997804003e-13], [2, 20GB, 4GB, 4MB]
109: [0.6024916768074036, 0.9999995231628418, 1.3976566431983528e-11, 0.6756649386859863], [6, 23GB, 4GB, 693MB]
110: [0.619028627872467, 1.0, 2.3153823747179558e-07, 9.430787706321553e-09], [6, 24GB, 4GB, 4MB]
111: [0.22410702367810986, 0.18270498514175415, 0.792497575721143, 0.9999999403953552], [3, 4GB, 24GB, 1023MB]
112: [0.6025016903877258, 0.2237955926383074, 1.0, 1.0], [6, 5GB, 30GB, 1GB]
113: [0.6114208698272705, 1.0, 1.3889426934976523e-11, 4.536799755316956e-12], [6, 24GB, 4GB, 4MB]
114: [0.5928347110748291, 1.0, 0.7204427175954919, 0.00012428044283296913], [6, 24GB, 22GB, 4MB]
115: [0.6121411919593811, 0.9999998211860657, 2.99284513838316e-10, 1.443102229511592e-14], [6, 23GB, 4GB, 4MB]
116: [0.5871354341506958, 0.9231796983487692, 3.655257249223637e-13, 0.00599789644568971], [6, 22GB, 4GB, 10MB]
117: [0.5111613869667053, 0.09851151520557266, 0.9999785423278809, 0.9999998211860657], [5, 2GB, 29GB, 1023MB]
118: [0.7119621853453636, 0.2782510817050934, 0.9999825954437256, 0.9999998807907104], [6, 6GB, 29GB, 1023MB]
119: [0.436862587928772, 0.5750735537897981, 0.8802555194340772, 0.9999949336051941], [5, 13GB, 26GB, 1023MB]
120: [0.44294705986976624, 0.001499761245213449, 0.9699565172195435, 0.9999995231628418], [5, 164MB, 29GB, 1023MB]
121: [0.45311951637268066, 0.003391842357814312, 0.6358850002288818, 0.7382351791730666], [5, 210MB, 20GB, 756MB]
122: [0.47153371572494507, 0.09023953749159697, 0.9997814297676086, 0.9999980926513672], [5, 2GB, 29GB, 1023MB]
123: [0.14896191795666847, 0.22700190544128418, 0.8753475546836853, 0.9999986886978149], [3, 5GB, 26GB, 1023MB]
124: [0.4751754105091095, 0.44741006025066266, 0.9953348636627197, 0.9999998807907104], [5, 10GB, 29GB, 1023MB]
125: [0.4798809885978699, 0.00294319330714643, 0.9748850464820862, 0.9999945759773254], [5, 199MB, 29GB, 1023MB]
126: [0.4761805236339569, 0.011266828514635563, 0.9486671090126038, 0.9999976754188538], [5, 403MB, 28GB, 1023MB]
127: [0.4554872214794159, 0.005698758643120527, 0.9929933547973633, 1.0], [5, 267MB, 29GB, 1GB]
128: [0.44704046845436096, 0.0056050666607916355, 0.9911059141159058, 1.0], [5, 265MB, 29GB, 1GB]
129: [0.4387623965740204, 0.0036194678395986557, 0.7210535407066345, 0.9999995231628418], [5, 216MB, 22GB, 1023MB]
130: [0.35698796334181615, 0.6401427896569581, 0.04405604675412178, 0.0990215390920639], [4, 15GB, 5GB, 105MB]
131: [0.24604923756453967, 0.06283588707447052, 0.04990892857313156, 0.9985623955726624], [3, 1GB, 5GB, 1022MB]
132: [0.41262975335121155, 0.9341358550244421, 9.139563189819455e-05, 0.00029508257284760475], [4, 22GB, 4GB, 4MB]
133: [0.38970863819122314, 0.006020070984959602, 0.003794450545683503, 0.9946815967559814], [4, 275MB, 4GB, 1018MB]
134: [0.8795261009329534, 0.47225186228752136, 0.4124125914571197, 1.0], [7, 11GB, 14GB, 1GB]
135: [0.21621157228946686, 0.025872215628623962, 0.27005812525749207, 0.999993622303009], [3, 760MB, 11GB, 1023MB]
136: [0.23628665506839752, 0.5531204339168044, 0.13850475487181502, 0.008500923402607441], [3, 13GB, 7GB, 12MB]
137: [0.21267226338386536, 0.04491874948143959, 0.7992929816246033, 0.9534097561382898], [3, 1GB, 24GB, 976MB]
138: [0.2043551504611969, 0.05618546903133392, 0.3760168937257904, 1.0], [3, 1GB, 13GB, 1GB]
139: [0.1956675797700882, 0.13209855556488037, 0.9995085000991821, 1.0], [3, 3GB, 29GB, 1GB]
140: [0.6714343597064386, 0.09453583508729935, 0.22734154760837555, 0.9999985098838806], [6, 2GB, 9GB, 1023MB]
141: [0.9973803472503109, 0.7927975654602051, 0.04986875131726265, 0.0032920155208557844], [8, 19GB, 5GB, 7MB]
142: [0.24485884177273487, 0.9972692131996155, 1.4541059911721277e-08, 1.387440162758935e-09], [3, 23GB, 4GB, 4MB]
143: [0.1899549812078476, 0.8921011380172498, 0.3074016709563725, 3.5580130770540563e-06], [3, 21GB, 11GB, 4MB]
144: [0.1920943558216095, 0.9994216561317444, 0.6156222569233373, 2.4428101824014448e-05], [3, 23GB, 20GB, 4MB]
145: [0.8156970708364143, 0.6735028028488159, 0.016439058115721328, 0.8987706904729249], [7, 16GB, 4GB, 920MB]
146: [0.6528693628591482, 0.6529321074485779, 0.3697926998138428, 0.11018424481153488], [6, 15GB, 13GB, 116MB]
147: [0.17673374226026972, 0.9773707985877991, 3.0326493288157508e-05, 4.679816265706904e-05], [3, 23GB, 4GB, 4MB]
148: [0.21653123199939728, 0.8259551525115967, 0.6478649091606468, 0.20960289239883423], [3, 19GB, 20GB, 217MB]
149: [0.1910150647163391, 0.840656042098999, 0.00020993292855564505, 0.0002218836307292804], [3, 20GB, 4GB, 4MB]
150: [0.25205937027931213, 0.6047958731651306, 0.012905710376799107, 0.1763166657912707], [4, 14GB, 4GB, 183MB]
151: [0.21966667473316193, 0.8023478984832764, 0.0004819167370442301, 0.13015836785467383], [3, 19GB, 4GB, 136MB]
152: [0.2662369906902313, 0.6706408858299255, 0.0924221640304499, 0.037840910255908966], [4, 16GB, 6GB, 42MB]
153: [0.18768064677715302, 0.08478344556945183, 0.9984909892082214, 1.0], [3, 2GB, 29GB, 1GB]
154: [0.1835949420928955, 0.9260443449020386, 2.5143069706246024e-06, 5.911304469918832e-06], [3, 22GB, 4GB, 4MB]
155: [0.2190854847431183, 0.7826077342033386, 2.1256770196487196e-05, 0.328513929753397], [3, 18GB, 4GB, 339MB]
156: [0.23652951498749486, 0.8059791922569275, 1.340691505902214e-05, 1.9509448975441046e-05], [3, 19GB, 4GB, 4MB]
157: [0.215305358171463, 0.6239150166511536, 0.000261570094153285, 0.003997887019068003], [3, 15GB, 4GB, 8MB]
158: [0.1911267638206482, 0.5458080768585205, 0.03602207452058792, 0.5726725843308308], [3, 13GB, 4GB, 588MB]
159: [0.22617153823375702, 0.6212146282196045, 0.17327830073728934, 0.7894130945205688], [3, 14GB, 8GB, 809MB]
160: [0.23832297325134277, 0.6325063109397888, 0.003327157348394394, 0.05258839577436447], [3, 15GB, 4GB, 57MB]
161: [0.23263488709926605, 0.6194874048233032, 0.0022888081148266792, 0.055345695465803146], [3, 14GB, 4GB, 60MB]
162: [0.2084687054157257, 0.9939709930102423, 1.9830381461360957e-06, 3.306246071588248e-06], [3, 23GB, 4GB, 4MB]
163: [0.19935688376426697, 0.7096284627914429, 0.3253098239428288, 0.17400416731834412], [3, 17GB, 12GB, 181MB]
164: [0.18247729539871216, 0.7669549584388733, 0.0007103178650140762, 0.004367786925286055], [3, 18GB, 4GB, 8MB]
165: [0.2774581015110016, 0.552598237991333, 0.022888917475938797, 0.33678683638572693], [4, 13GB, 4GB, 347MB]
166: [0.27299997210502625, 0.5424379706382751, 0.028956836089491844, 0.6731627853182345], [4, 13GB, 4GB, 690MB]
167: [0.2763274312019348, 0.5004454851150513, 0.058938734233379364, 0.6190042191163182], [4, 12GB, 5GB, 635MB]
168: [0.2546082139015198, 0.3416185604633858, 0.35098686814308167, 0.9985195398330688], [4, 8GB, 13GB, 1022MB]
169: [0.1747245490550995, 0.7549617290496826, 0.44858401875441445, 0.00011483379785204306], [3, 18GB, 15GB, 4MB]
170: [0.19199515879154205, 0.7193158864974976, 0.05915139243006706, 0.22035185992717743], [3, 17GB, 5GB, 228MB]
171: [0.6052525996207352, 0.7284855246543884, 0.34617987275123596, 0.051282450556755066], [6, 17GB, 13GB, 56MB]
172: [0.24766729772090912, 0.6447945237159729, 0.1548096090555191, 0.08310025930404663], [3, 15GB, 8GB, 88MB]
173: [0.24791193008422852, 0.6576630473136902, 0.00841182004660368, 0.017676129937171936], [3, 15GB, 4GB, 22MB]
174: [0.30740222334861755, 0.4711744487285614, 0.11272935569286346, 0.17704252898693085], [4, 11GB, 6GB, 184MB]
175: [0.789205689695726, 0.6046960949897766, 0.15656374394893646, 0.20737811923027039], [7, 14GB, 8GB, 215MB]
176: [0.26472654938697815, 0.5802093148231506, 0.0394599512219429, 0.08210896700620651], [4, 13GB, 5GB, 87MB]
177: [0.2335742712020874, 0.6989516615867615, 1.0676737474568654e-05, 2.760864958872844e-07], [3, 16GB, 4GB, 4MB]
178: [0.21137408912181854, 0.7413058280944824, 0.0028261274565011263, 0.010878150351345539], [3, 17GB, 4GB, 15MB]
179: [0.24700438976287842, 0.6688969731330872, 0.09245558083057404, 0.08411342650651932], [3, 16GB, 6GB, 89MB]
180: [0.2148609757423401, 0.9577140638355018, 0.0009276341297663748, 0.021748971194028854], [3, 22GB, 4GB, 26MB]
181: [0.050650456231351226, 0.7795672416687012, 0.003248840570449829, 0.000768881815019995], [2, 18GB, 4GB, 4MB]
182: [0.5793825450262945, 0.7154883742332458, 0.07368288934230804, 0.13413814035982696], [5, 17GB, 5GB, 140MB]
183: [0.15387565322303187, 0.7068719863891602, 0.0043550217524170876, 0.007126167416572571], [3, 17GB, 4GB, 11MB]
184: [0.2201072722673416, 0.7105425596237183, 0.005834202282130718, 0.0005491224001161754], [3, 17GB, 4GB, 4MB]
185: [0.28023871779441833, 0.605615496635437, 0.00555726932361722, 0.02215837687253952], [4, 14GB, 4GB, 26MB]
186: [0.24349254369735718, 0.7516016960144043, 0.00010548317368375137, 0.00017960228433366865], [3, 18GB, 4GB, 4MB]
187: [0.5519022755385359, 0.7541415691375732, 0.0026342233177274466, 0.008407075889408588], [5, 18GB, 4GB, 12MB]
188: [0.2616051733493805, 0.6820768117904663, 0.008226876147091389, 0.03502950072288513], [4, 16GB, 4GB, 39MB]
189: [0.3075870871543884, 0.5245220065116882, 0.031848568469285965, 0.23543225228786469], [4, 12GB, 4GB, 244MB]
190: [0.30388036370277405, 0.5540300607681274, 0.00751447444781661, 0.08022124320268631], [4, 13GB, 4GB, 85MB]
191: [0.9442045718534874, 0.4699551463127136, 0.001575761940330267, 0.0033518632408231497], [8, 11GB, 4GB, 7MB]
192: [0.2989872992038727, 0.602075457572937, 0.005717296618968248, 0.03687666356563568], [4, 14GB, 4GB, 41MB]
193: [0.33992016315460205, 0.5579302906990051, 0.009502497501671314, 0.013864971697330475], [4, 13GB, 4GB, 18MB]
194: [0.3670852482318878, 0.5922015309333801, 0.010783407837152481, 0.08119963109493256], [4, 14GB, 4GB, 86MB]
195: [0.32170018553733826, 0.4912427067756653, 0.0018791211768984795, 0.0055052051320672035], [4, 11GB, 4GB, 9MB]
196: [0.32945793867111206, 0.528165340423584, 0.000672254478558898, 0.0046283467672765255], [4, 12GB, 4GB, 8MB]
197: [0.4055320620536804, 0.7187449932098389, 0.000125893420772627, 0.0026844125241041183], [4, 17GB, 4GB, 6MB]
198: [0.33339574933052063, 0.48342031240463257, 0.012429683469235897, 0.5472527610162073], [4, 11GB, 4GB, 562MB]
199: [0.3473415672779083, 0.5392831563949585, 0.0027288664132356644, 0.03266681730747223], [4, 13GB, 4GB, 37MB]
200: [0.3039713501930237, 0.6391356587409973, 0.01063237339258194, 0.13251409415261473], [4, 15GB, 4GB, 139MB]
201: [0.29614827036857605, 0.5974636673927307, 0.003279143711552024, 0.08142261207103729], [4, 14GB, 4GB, 87MB]
202: [0.299112468957901, 0.5862979292869568, 0.008771883323788643, 0.8828335629916416], [4, 14GB, 4GB, 904MB]
203: [0.28884294629096985, 0.5340897440910339, 0.019135309383273125, 0.46033793687820435], [4, 12GB, 4GB, 473MB]
204: [0.2927750051021576, 0.5818424224853516, 0.0046608783304691315, 0.10563124716281891], [4, 14GB, 4GB, 111MB]
205: [0.3246053457260132, 0.5074551105499268, 0.011835189536213875, 0.020408419892191887], [4, 12GB, 4GB, 24MB]
206: [0.3097635507583618, 0.4623526632785797, 0.013275167904794216, 0.0783691331744194], [4, 11GB, 4GB, 83MB]
207: [0.2797105312347412, 0.602461576461792, 0.0019999202340841293, 0.007082092575728893], [4, 14GB, 4GB, 11MB]
208: [0.2540047764778137, 0.7027190923690796, 0.008970528841018677, 0.1649206578731537], [4, 16GB, 4GB, 172MB]
209: [0.24925965070724487, 0.6525948643684387, 0.0019271894125267863, 0.0033536620903760195], [3, 15GB, 4GB, 7MB]
210: [0.24618302285671234, 0.6520224809646606, 0.00018195946177002043, 0.00044974678894504905], [3, 15GB, 4GB, 4MB]
211: [0.29186221957206726, 0.5479708313941956, 0.004144877661019564, 0.10090461373329163], [4, 13GB, 4GB, 106MB]
212: [0.711007605285694, 0.6194450855255127, 0.004469983745366335, 0.02400994673371315], [6, 14GB, 4GB, 28MB]
213: [0.2744282758185901, 0.5148865580558777, 0.0025154410395771265, 0.016675686463713646], [4, 12GB, 4GB, 21MB]
214: [0.2881609797477722, 0.509096086025238, 0.0028432488907128572, 0.01280414592474699], [4, 12GB, 4GB, 17MB]
215: [0.28273430466651917, 0.572502851486206, 0.00033110560616478324, 0.0015705565456300974], [4, 13GB, 4GB, 5MB]
216: [0.26190122961997986, 0.5852348208427429, 0.0003842988808173686, 0.0014828890562057495], [4, 14GB, 4GB, 5MB]
217: [0.25167450308799744, 0.4970497488975525, 0.002040652558207512, 0.0022462320048362017], [4, 11GB, 4GB, 6MB]
218: [0.25513580441474915, 0.5576134324073792, 0.0010553784668445587, 0.0035747457295656204], [4, 13GB, 4GB, 7MB]
219: [0.2637600898742676, 0.542604386806488, 0.002283574314787984, 0.014054293744266033], [4, 13GB, 4GB, 18MB]
220: [0.26427900791168213, 0.5092533230781555, 0.030917858704924583, 0.12429738789796829], [4, 12GB, 4GB, 130MB]
221: [0.2435675412416458, 0.5158939771340547, 0.036241382360458374, 0.40739941596984863], [3, 12GB, 4GB, 419MB]
222: [0.22857293486595154, 0.655151903629303, 0.012516558170318604, 0.10292325913906097], [3, 15GB, 4GB, 108MB]
223: [0.23684948682785034, 0.7142601609230042, 0.0014361741486936808, 0.0072110374458134174], [3, 17GB, 4GB, 11MB]
224: [0.23903237283229828, 0.7245643734931946, 0.0018437576945871115, 0.0036898385733366013], [3, 17GB, 4GB, 7MB]
225: [0.23253133893013, 0.7083292007446289, 0.0016073917504400015, 0.10367996245622635], [3, 17GB, 4GB, 109MB]
226: [0.2350127398967743, 0.6962921619415283, 0.002703882986679673, 0.09884164482355118], [3, 16GB, 4GB, 104MB]
227: [0.24556879699230194, 0.6947225332260132, 0.006096033379435539, 0.10075175762176514], [3, 16GB, 4GB, 106MB]
228: [0.26025089621543884, 0.705206036567688, 0.008219420909881592, 0.008179341442883015], [4, 16GB, 4GB, 12MB]
229: [0.25898298621177673, 0.7158617377281189, 1.7033416899181475e-09, 1.0353180118771732e-10], [4, 17GB, 4GB, 4MB]
230: [0.2594596743583679, 0.6761609315872192, 8.897511349914566e-08, 2.732079735778825e-07], [4, 16GB, 4GB, 4MB]
231: [0.25682759284973145, 0.6908926367759705, 1.7159334220195888e-07, 9.453320615193661e-08], [4, 16GB, 4GB, 4MB]
232: [0.2646869122982025, 0.6779552698135376, 4.388324157389434e-07, 1.6194881879982859e-07], [4, 16GB, 4GB, 4MB]
233: [0.2782522141933441, 0.6590283513069153, 2.542474817346374e-07, 2.089846873332135e-08], [4, 15GB, 4GB, 4MB]
234: [0.2578328251838684, 0.6658480167388916, 6.721409562260305e-08, 5.249517087690947e-08], [4, 16GB, 4GB, 4MB]
235: [0.26491647958755493, 0.6573349833488464, 3.5570695899878046e-07, 2.9371284071544324e-08], [4, 15GB, 4GB, 4MB]
236: [0.30243855714797974, 0.6405017971992493, 0.0001395752333337441, 0.0007201928528957069], [4, 15GB, 4GB, 4MB]
237: [0.2807994782924652, 0.647102415561676, 0.0013873938005417585, 0.011515137739479542], [4, 15GB, 4GB, 15MB]
238: [0.34710925817489624, 0.6260427236557007, 0.000962970545515418, 0.020352432504296303], [4, 15GB, 4GB, 24MB]
239: [0.3206169009208679, 0.6547173261642456, 0.0005495886434800923, 0.00021099952573422343], [4, 15GB, 4GB, 4MB]
240: [0.3010563552379608, 0.5742895603179932, 0.019469602033495903, 0.0039025559090077877], [4, 13GB, 4GB, 7MB]
241: [0.29323455691337585, 0.5306721329689026, 0.013187522999942303, 0.43908536434173584], [4, 12GB, 4GB, 451MB]
242: [0.2927384674549103, 0.5206443667411804, 0.0024706856347620487, 0.008489592932164669], [4, 12GB, 4GB, 12MB]
243: [0.27604323625564575, 0.4781458377838135, 0.015145059674978256, 0.09172157943248749], [4, 11GB, 4GB, 97MB]
244: [0.2856181859970093, 0.5073854923248291, 0.0025708216708153486, 0.05526651814579964], [4, 12GB, 4GB, 60MB]
245: [0.3212363123893738, 0.5049406290054321, 0.0018446845933794975, 0.007371685467660427], [4, 12GB, 4GB, 11MB]
246: [0.29845789074897766, 0.5088984966278076, 0.0020879621151834726, 0.002480683382600546], [4, 12GB, 4GB, 6MB]
247: [0.2832000255584717, 0.9652244749418398, 3.2104199476634676e-07, 8.474387414025841e-08], [4, 23GB, 4GB, 4MB]
248: [0.2765473425388336, 0.4757329821586609, 0.008485589176416397, 0.03874504938721657], [4, 11GB, 4GB, 43MB]
249: [0.24858883023262024, 0.435964971780777, 0.889691086275026, 1.0], [3, 10GB, 27GB, 1GB]
250: [0.23386870324611664, 0.4468035101890564, 0.0025493961293250322, 0.010158225893974304], [3, 10GB, 4GB, 14MB]
251: [0.22993798553943634, 0.4983351230621338, 0.0017904320266097784, 0.0034238966181874275], [3, 12GB, 4GB, 7MB]
252: [0.23725098371505737, 0.534640371799469, 0.0005933944485150278, 0.0007347195059992373], [3, 12GB, 4GB, 4MB]
253: [0.23761823773384094, 0.46432244777679443, 0.008020718581974506, 0.012379132211208344], [3, 11GB, 4GB, 16MB]
254: [0.23247799277305603, 0.527851402759552, 0.0011994277592748404, 0.0015474911779165268], [3, 12GB, 4GB, 5MB]
255: [0.22252173721790314, 0.5967786908149719, 0.0004381111357361078, 0.0005420860252343118], [3, 14GB, 4GB, 4MB]
256: [0.21635784208774567, 0.5339118242263794, 0.006129119079560041, 0.013339605182409286], [3, 12GB, 4GB, 17MB]
257: [0.21558071672916412, 0.5846920013427734, 0.001620567636564374, 0.021625429391860962], [3, 14GB, 4GB, 26MB]
258: [0.2404731959104538, 0.5193870663642883, 0.033413153141736984, 0.040801018476486206], [3, 12GB, 4GB, 45MB]
259: [0.23318172991275787, 0.5358970165252686, 0.0030632885172963142, 0.003140728920698166], [3, 12GB, 4GB, 7MB]
260: [0.22380106151103973, 0.5770344138145447, 0.000550232594832778, 0.22736807720218488], [3, 13GB, 4GB, 235MB]
261: [0.21848052740097046, 0.6032376289367676, 0.00016657047672197223, 0.00040719681419432163], [3, 14GB, 4GB, 4MB]
262: [0.22340081632137299, 0.5839266180992126, 0.0003152646531816572, 3.5989913158118725e-05], [3, 14GB, 4GB, 4MB]
263: [0.21829691529273987, 0.570480465888977, 8.524157601641491e-05, 0.00013764032337348908], [3, 13GB, 4GB, 4MB]
264: [0.21400633454322815, 0.6029208898544312, 0.0001711137592792511, 0.7542156213914369], [3, 14GB, 4GB, 773MB]
265: [0.2314283549785614, 0.5531589984893799, 0.002053492469713092, 0.004114602692425251], [3, 13GB, 4GB, 8MB]
266: [0.24534231424331665, 0.5794222950935364, 0.0026658764109015465, 0.013625859282910824], [3, 13GB, 4GB, 17MB]
267: [0.23822152614593506, 0.6044666171073914, 0.037625983357429504, 0.08034603297710419], [3, 14GB, 4GB, 85MB]
268: [0.251816064119339, 0.5642748475074768, 0.001231707283295691, 0.002793101128190756], [4, 13GB, 4GB, 6MB]
269: [0.24819844961166382, 0.5494301319122314, 0.001077880384400487, 0.0004906777758151293], [3, 13GB, 4GB, 4MB]
270: [0.31307923793792725, 0.7057474851608276, 4.3941428884863853e-05, 3.2046250453277025e-06], [4, 16GB, 4GB, 4MB]
271: [0.3145450949668884, 0.6307561774279677, 3.217081757611595e-05, 9.680436050985008e-06], [4, 15GB, 4GB, 4MB]
272: [0.31860867142677307, 0.7290345430374146, 5.850516754435375e-05, 1.8338398149353452e-05], [4, 17GB, 4GB, 4MB]
273: [0.27568182349205017, 0.7679480314254761, 4.903224180452526e-06, 1.984282789635472e-06], [4, 18GB, 4GB, 4MB]
274: [0.267132043838501, 0.7112349271774292, 0.7977763144058401, 0.999502956867218], [4, 17GB, 24GB, 1023MB]
275: [0.26448139548301697, 0.6872503757476807, 8.044944115681574e-05, 9.843740554060787e-05], [4, 16GB, 4GB, 4MB]
276: [0.29780372977256775, 0.7355265617370605, 0.0006569780525751412, 0.0001343258481938392], [4, 17GB, 4GB, 4MB]
277: [0.3505648076534271, 0.6848359704017639, 0.0004081006918568164, 0.00208654603920877], [4, 16GB, 4GB, 6MB]
278: [0.3075041174888611, 0.687710165977478, 0.00028090752311982214, 0.0025199400261044502], [4, 16GB, 4GB, 6MB]
279: [0.29225486516952515, 0.7310091853141785, 2.57669307757169e-05, 8.707322194823064e-06], [4, 17GB, 4GB, 4MB]
280: [0.3085937798023224, 0.7140368819236755, 0.013238335028290749, 0.00910833291709423], [4, 17GB, 4GB, 13MB]
281: [0.6105401468161318, 0.7399300932884216, 0.09963580965995789, 0.0013696457026526332], [6, 17GB, 6GB, 5MB]
282: [0.32812365889549255, 0.09593663463500568, 0.7758795619010925, 0.9999992847442627], [4, 2GB, 24GB, 1023MB]
283: [0.33556607365608215, 0.7863920331001282, 6.250350998016074e-05, 6.814877451688517e-06], [4, 18GB, 4GB, 4MB]
284: [0.3481380045413971, 0.4297730250200078, 0.003615766065195203, 0.030487990006804466], [4, 10GB, 4GB, 35MB]
285: [0.3268716633319855, 0.6497376561164856, 0.0024215667508542538, 0.0007104316609911621], [4, 15GB, 4GB, 4MB]
286: [0.2925284504890442, 0.7306260466575623, 0.05498125031590462, 0.015786301344633102], [4, 17GB, 5GB, 20MB]
287: [0.29640474915504456, 0.7281848192214966, 0.002070868154987693, 0.005490511190146208], [4, 17GB, 4GB, 9MB]
288: [0.2981298565864563, 0.6937205791473389, 0.0057254997082054615, 0.11099238693714142], [4, 16GB, 4GB, 117MB]
289: [0.2856486737728119, 0.7350050806999207, 0.38818874955177307, 0.999940812587738], [4, 17GB, 14GB, 1023MB]
290: [0.2767101526260376, 0.7144289016723633, 0.9999961853027344, 1.0], [4, 17GB, 29GB, 1GB]
291: [0.27768877148628235, 0.7229359149932861, 0.9999552369117737, 1.0], [4, 17GB, 29GB, 1GB]
292: [0.2881695330142975, 0.7443878054618835, 0.9998283386230469, 1.0], [4, 17GB, 29GB, 1GB]
293: [0.2899032533168793, 0.7385101318359375, 0.9998030662536621, 1.0], [4, 17GB, 29GB, 1GB]
294: [0.3058711290359497, 0.7395169734954834, 0.9998059868812561, 1.0], [4, 17GB, 29GB, 1GB]
295: [0.32417768239974976, 0.7263975143432617, 0.9962497353553772, 1.0], [4, 17GB, 29GB, 1GB]
296: [0.32399052381515503, 0.708777666091919, 0.9923550486564636, 1.0], [4, 17GB, 29GB, 1GB]
297: [0.33923181891441345, 0.7667785882949829, 1.0813544122356689e-06, 0.07077422417609547], [4, 18GB, 4GB, 76MB]
298: [0.3226992189884186, 0.7171367406845093, 6.232141913642408e-07, 2.0694269551313482e-06], [4, 17GB, 4GB, 4MB]
299: [0.30719053745269775, 0.7159409523010254, 5.597629382236846e-08, 3.75954023468239e-08], [4, 17GB, 4GB, 4MB]
